epoch accuracy error output[]
0 95.0107 0.249991  0.456971 
1 95.0107 0.249429  0.467275 
2 95.0109 0.24909  0.477895 
3 95.011 0.249005  0.488714 
4 95.0113 0.249195  0.499605 
5 95.0117 0.249664  0.510436 
6 95.0121 0.250404  0.521069 
7 95.0127 0.251393  0.531366 
8 95.0133 0.252591  0.541191 
9 95.0141 0.253948  0.550413 
10 95.0149 0.255403  0.558909 
11 95.0159 0.256887  0.566564 
12 95.0169 0.25833  0.573278 
13 95.018 0.25966  0.578958 
14 95.0192 0.26081  0.583525 
15 95.0203 0.26172  0.586911 
16 95.0215 0.262339  0.589059 
17 95.0227 0.262627  0.589923 
18 95.0237 0.262561  0.589466 
19 95.0247 0.26213  0.587663 
20 95.0256 0.261341  0.584501 
21 95.0263 0.260221  0.579978 
22 95.0269 0.258814  0.574111 
23 95.0273 0.257185  0.566934 
24 95.0274 0.255416  0.558501 
25 95.0273 0.253607  0.548893 
26 95.027 0.25187  0.53822 
27 95.0263 0.250323  0.526619 
28 95.0254 0.249082  0.514261 
29 95.0243 0.248249  0.501343 
30 95.0228 0.247904  0.488089 
31 95.0211 0.248093  0.47474 
32 95.0192 0.24882  0.461547 
33 95.0172 0.250049  0.448762 
34 95.015 0.251699  0.436629 
35 95.0127 0.253657  0.425376 
36 95.0105 0.255785  0.415205 
37 95.0084 0.257931  0.406295 
38 95.0065 0.259946  0.398796 
39 95.0048 0.261686  0.392832 
40 95.0035 0.263031  0.3885 
41 95.0026 0.263881  0.385878 
42 95.0022 0.26417  0.385023 
43 95.0024 0.263862  0.385973 
44 95.0032 0.262959  0.388748 
45 95.0046 0.2615  0.39335 
46 95.0069 0.259565  0.399754 
47 95.0099 0.257272  0.407907 
48 95.0137 0.254775  0.417722 
49 95.0184 0.25226  0.429068 
50 95.0238 0.249925  0.441766 
51 95.03 0.247971  0.455588 
52 95.0369 0.246571  0.470258 
53 95.0443 0.245858  0.485456 
54 95.0521 0.245895  0.500837 
55 95.0601 0.246676  0.516041 
56 95.068 0.248119  0.530711 
57 95.0758 0.250081  0.544514 
58 95.0833 0.252377  0.557148 
59 95.0902 0.254798  0.568356 
60 95.0966 0.257138  0.577925 
61 95.1022 0.259206  0.585683 
62 95.1072 0.26084  0.591501 
63 95.1114 0.261911  0.595282 
64 95.1148 0.262333  0.596956 
65 95.1174 0.262059  0.596479 
66 95.1192 0.261086  0.593829 
67 95.1201 0.259456  0.589008 
68 95.1201 0.257258  0.582044 
69 95.1191 0.254627  0.573005 
70 95.117 0.251746  0.561998 
71 95.1138 0.248836  0.549188 
72 95.1096 0.246142  0.534802 
73 95.1044 0.243914  0.519131 
74 95.0983 0.242374  0.502534 
75 95.0915 0.241683  0.485419 
76 95.0843 0.241916  0.468232 
77 95.0769 0.243043  0.451427 
78 95.0698 0.244933  0.435444 
79 95.0632 0.247367  0.420683 
80 95.0575 0.250077  0.407488 
81 95.0529 0.25277  0.396141 
82 95.0496 0.255171  0.386859 
83 95.0478 0.257039  0.379801 
84 95.0476 0.258187  0.375079 
85 95.0491 0.258491  0.372763 
86 95.0524 0.257894  0.372891 
87 95.0577 0.256412  0.37547 
88 95.0648 0.25413  0.380476 
89 95.0739 0.251208  0.387846 
90 95.0848 0.247874  0.397467 
91 95.0974 0.244413  0.409167 
92 95.1116 0.241145  0.422701 
93 95.1269 0.238389  0.437743 
94 95.1429 0.236421  0.453895 
95 95.1592 0.235431  0.470688 
96 95.1752 0.235489  0.487618 
97 95.1905 0.236538  0.504165 
98 95.2047 0.238404  0.519828 
99 95.2176 0.240825  0.534156 
100 95.2291 0.2435  0.546758 
101 95.2392 0.246119  0.557318 
102 95.248 0.248403  0.565589 
103 95.2556 0.250117  0.571387 
104 95.2622 0.251089  0.574581 
105 95.268 0.251204  0.575086 
106 95.2729 0.250416  0.572852 
107 95.277 0.248742  0.567866 
108 95.2802 0.246265  0.560155 
109 95.2824 0.243136  0.549795 
110 95.2836 0.239577  0.536924 
111 95.2834 0.235867  0.521759 
112 95.2817 0.232331  0.504603 
113 95.2785 0.229304  0.485857 
114 95.2738 0.227092  0.46601 
115 95.2678 0.225923  0.445621 
116 95.2609 0.225898  0.425283 
117 95.2536 0.226971  0.405586 
118 95.2465 0.228954  0.387074 
119 95.2401 0.231541  0.370213 
120 95.235 0.234364  0.355373 
121 95.2319 0.23704  0.342827 
122 95.231 0.239222  0.332757 
123 95.2328 0.240624  0.325274 
124 95.2375 0.241047  0.320431 
125 95.2452 0.240382  0.318246 
126 95.2562 0.23862  0.3187 
127 95.2704 0.23585  0.321751 
128 95.2878 0.232261  0.32732 
129 95.3081 0.228135  0.335282 
130 95.331 0.22383  0.345453 
131 95.356 0.219747  0.357571 
132 95.3822 0.216278  0.371284 
133 95.4089 0.21375  0.386152 
134 95.4352 0.212368  0.401657 
135 95.4603 0.212179  0.417226 
136 95.4838 0.213069  0.43227 
137 95.5053 0.214788  0.446216 
138 95.5248 0.217006  0.458543 
139 95.5426 0.219358  0.468803 
140 95.559 0.2215  0.476629 
141 95.5745 0.223135  0.48174 
142 95.5895 0.224034  0.48393 
143 95.6043 0.224044  0.483066 
144 95.6193 0.223087  0.479079 
145 95.6345 0.221161  0.471965 
146 95.6497 0.218341  0.461789 
147 95.6647 0.214772  0.448694 
148 95.6791 0.210674  0.432909 
149 95.6923 0.206326  0.414762 
150 95.7036 0.202059  0.394681 
151 95.7125 0.198217  0.373185 
152 95.7184 0.195129  0.350867 
153 95.7214 0.193051  0.328353 
154 95.7214 0.19213  0.306262 
155 95.7192 0.192365  0.285155 
156 95.7155 0.193606  0.2655 
157 95.7115 0.195574  0.247651 
158 95.7084 0.197902  0.231836 
159 95.7075 0.200191  0.218176 
160 95.7099 0.202063  0.206698 
161 95.7164 0.203199  0.197366 
162 95.728 0.203372  0.1901 
163 95.7452 0.202456  0.184795 
164 95.7683 0.200438  0.181334 
165 95.7974 0.197416  0.17959 
166 95.8325 0.193596  0.179432 
167 95.8731 0.189272  0.180712 
168 95.9185 0.184803  0.183263 
169 95.9675 0.18057  0.186892 
170 96.019 0.176923  0.191371 
171 96.0716 0.174131  0.196438 
172 96.1239 0.172348  0.201801 
173 96.1748 0.171592  0.207149 
174 96.2233 0.171762  0.212165 
175 96.269 0.172671  0.216545 
176 96.3116 0.174083  0.220011 
177 96.3514 0.175757  0.222326 
178 96.3886 0.177473  0.223303 
179 96.4237 0.179047  0.222809 
180 96.4569 0.180343  0.220765 
181 96.4886 0.181268  0.21715 
182 96.5191 0.181767  0.211994 
183 96.5484 0.181819  0.205374 
184 96.5764 0.181428  0.197412 
185 96.6029 0.180615  0.188266 
186 96.6277 0.179415  0.178121 
187 96.6501 0.177875  0.167189 
188 96.6697 0.176045  0.155693 
189 96.6858 0.173985  0.143861 
190 96.6978 0.171761  0.13192 
191 96.7051 0.169446  0.120085 
192 96.7072 0.167125  0.10855 
193 96.7036 0.164895  0.0974876 
194 96.6941 0.162865  0.0870394 
195 96.6786 0.161155  0.0773147 
196 96.6574 0.159886  0.0683895 
197 96.6311 0.159168  0.0603071 
198 96.6005 0.159083  0.0530801 
199 96.5668 0.159668  0.0466942 
200 96.5316 0.160898  0.0411132 
201 96.4963 0.162675  0.036284 
202 96.4627 0.164839  0.0321428 
203 96.4325 0.167175  0.0286196 
204 96.407 0.16944  0.0256431 
205 96.3876 0.171393  0.023144 
206 96.3753 0.172823  0.0210575 
207 96.3708 0.173568  0.0193248 
208 96.3746 0.173535  0.0178934 
209 96.3869 0.172707  0.0167171 
210 96.4076 0.171148  0.0157558 
211 96.4362 0.16899  0.0149739 
212 96.4722 0.166429  0.0143405 
213 96.5145 0.163698  0.0138277 
214 96.562 0.161042  0.0134102 
215 96.6132 0.158693  0.013065 
216 96.6667 0.156833  0.0127708 
217 96.721 0.155583  0.0125083 
218 96.7747 0.154989  0.01226 
219 96.8266 0.155029  0.0120106 
220 96.8757 0.155624  0.0117474 
221 96.9213 0.15666  0.0114604 
222 96.9631 0.158008  0.0111424 
223 97.0007 0.159535  0.010789 
224 97.0342 0.161124  0.0103986 
225 97.0635 0.162672  0.00997164 
226 97.0888 0.164096  0.00951089 
227 97.1103 0.16533  0.00902056 
228 97.1282 0.166328  0.00850608 
229 97.1427 0.167052  0.00797367 
230 97.1538 0.167477  0.00743 
231 97.1617 0.167587  0.00688183 
232 97.1666 0.167368  0.00633576 
233 97.1683 0.166817  0.00579804 
234 97.167 0.165931  0.00527433 
235 97.1626 0.164717  0.00476967 
236 97.1551 0.163187  0.00428832 
237 97.1443 0.161364  0.00383378 
238 97.1302 0.159284  0.00340874 
239 97.1127 0.157  0.00301508 
240 97.0917 0.154584  0.00265395 
241 97.0672 0.152129  0.00232577 
242 97.0394 0.14975  0.00203033 
243 97.0085 0.147577  0.00176682 
244 96.9749 0.145747  0.00153392 
245 96.9393 0.144385  0.00132991 
246 96.9026 0.143584  0.00115274 
247 96.8658 0.143383  0.0010001 
248 96.8304 0.143753  0.00086958 
249 96.7979 0.144585  0.000758715 
250 96.7698 0.145703  0.000665089 
251 96.7477 0.146879  0.000586405 
252 96.733 0.147864  0.000520535 
253 96.7267 0.148425  0.000465562 
254 96.73 0.148367  0.000419784 
255 96.7432 0.147566  0.000381719 
256 96.7667 0.145979  0.00035009 
257 96.8003 0.143652  0.000323803 
258 96.8432 0.140716  0.000301925 
259 96.8944 0.137377  0.000283656 
260 96.9523 0.133886  0.000268307 
261 97.015 0.130516  0.000255283 
262 97.0805 0.127521  0.000244066 
263 97.1464 0.125105  0.000234207 
264 97.2108 0.123402  0.000225315 
265 97.2718 0.122463  0.000217057 
266 97.3282 0.122264  0.000209157 
267 97.3792 0.122717  0.000201391 
268 97.4243 0.123696  0.000193588 
269 97.4635 0.125055  0.000185627 
270 97.4971 0.126648  0.000177434 
271 97.5257 0.128337  0.000168976 
272 97.5498 0.130005  0.000160254 
273 97.5699 0.131556  0.000151302 
274 97.5867 0.132913  0.000142172 
275 97.6008 0.13402  0.000132937 
276 97.6127 0.134838  0.000123677 
277 97.6227 0.135343  0.000114477 
278 97.6313 0.135522  0.000105424 
279 97.6388 0.135375  9.65989e-05 
280 97.6456 0.134911  8.80766e-05 
281 97.6518 0.134147  7.99225e-05 
282 97.6578 0.133113  7.21912e-05 
283 97.6637 0.131843  6.49254e-05 
284 97.6697 0.130385  5.81558e-05 
285 97.676 0.128792  5.19011e-05 
286 97.6829 0.127123  4.61686e-05 
287 97.6903 0.125445  4.09554e-05 
288 97.6985 0.123821  3.62493e-05 
289 97.7075 0.122314  3.20303e-05 
290 97.7173 0.120979  2.82726e-05 
291 97.7279 0.119857  2.49453e-05 
292 97.7392 0.118977  2.20148e-05 
293 97.7511 0.118348  1.94457e-05 
294 97.7634 0.117963  1.72022e-05 
295 97.7759 0.117801  1.52495e-05 
296 97.7885 0.117829  1.35543e-05 
297 97.8008 0.118004  1.20853e-05 
298 97.8126 0.118281  1.08141e-05 
299 97.8238 0.118613  9.71483e-06 
300 97.8342 0.118955  8.76465e-06 
301 97.8437 0.119269  7.94332e-06 
302 97.8521 0.11952  7.2332e-06 
303 97.8593 0.119678  6.61901e-06 
304 97.8654 0.119723  6.08756e-06 
305 97.8701 0.119639  5.62755e-06 
306 97.8736 0.119417  5.22929e-06 
307 97.8758 0.119055  4.8845e-06 
308 97.8767 0.118557  4.58607e-06 
309 97.8763 0.117937  4.32791e-06 
310 97.8747 0.117214  4.10477e-06 
311 97.8718 0.116417  3.91208e-06 
312 97.8678 0.115584  3.74581e-06 
313 97.8627 0.114762  3.60238e-06 
314 97.8566 0.114006  3.47855e-06 
315 97.8498 0.113377  3.37132e-06 
316 97.8422 0.112937  3.27786e-06 
317 97.8341 0.112747  3.19546e-06 
318 97.8257 0.112858  3.12152e-06 
319 97.8173 0.113305  3.05351e-06 
320 97.8088 0.114106  2.98899e-06 
321 97.8007 0.115249  2.92567e-06 
322 97.7929 0.116704  2.86142e-06 
323 97.7857 0.118412  2.79435e-06 
324 97.7791 0.120302  2.72288e-06 
325 97.7733 0.122288  2.64577e-06 
326 97.7683 0.124283  2.56215e-06 
327 97.7641 0.1262  2.47157e-06 
328 97.7607 0.12796  2.37396e-06 
329 97.7583 0.129494  2.26963e-06 
330 97.7567 0.130744  2.15919e-06 
331 97.7561 0.131664  2.04356e-06 
332 97.7564 0.13222  1.92385e-06 
333 97.7577 0.132388  1.80135e-06 
334 97.7599 0.132154  1.6774e-06 
335 97.7632 0.131514  1.55339e-06 
336 97.7675 0.130474  1.43071e-06 
337 97.7729 0.129053  1.31063e-06 
338 97.7793 0.127278  1.19435e-06 
339 97.7869 0.125194  1.08292e-06 
340 97.7957 0.122857  9.77205e-07 
341 97.8055 0.12034  8.77922e-07 
342 97.8164 0.117729  7.85578e-07 
343 97.8283 0.115121  7.00499e-07 
344 97.8411 0.112618  6.22827e-07 
345 97.8545 0.11032  5.52535e-07 
346 97.8685 0.108315  4.89443e-07 
347 97.8827 0.106672  4.33247e-07 
348 97.8968 0.105432  3.83539e-07 
349 97.9107 0.104605  3.39841e-07 
350 97.924 0.104173  3.01631e-07 
351 97.9366 0.104088  2.68367e-07 
352 97.9482 0.104288  2.39513e-07 
353 97.9587 0.104694  2.14554e-07 
354 97.968 0.10523  1.93008e-07 
355 97.976 0.10582  1.74435e-07 
356 97.9827 0.106396  1.5844e-07 
357 97.9881 0.106902  1.44675e-07 
358 97.9921 0.107293  1.32832e-07 
359 97.9947 0.107538  1.22649e-07 
360 97.996 0.107615  1.13896e-07 
361 97.996 0.107517  1.0638e-07 
362 97.9946 0.107247  9.9931e-08 
363 97.9919 0.10682  9.44069e-08 
364 97.9878 0.106263  8.96835e-08 
365 97.9825 0.105615  8.56532e-08 
366 97.9758 0.10493  8.22215e-08 
367 97.9679 0.104271  7.93036e-08 
368 97.9589 0.10371  7.68223e-08 
369 97.9487 0.103325  7.47058e-08 
370 97.9376 0.103195  7.28855e-08 
371 97.9257 0.10339  7.12956e-08 
372 97.9132 0.103961  6.98719e-08 
373 97.9004 0.104939  6.85522e-08 
374 97.8875 0.106323  6.72769e-08 
375 97.8747 0.10808  6.59904e-08 
376 97.8624 0.110148  6.46422e-08 
377 97.8508 0.112443  6.31891e-08 
378 97.84 0.114864  6.15964e-08 
379 97.8302 0.117308  5.98388e-08 
380 97.8214 0.119671  5.79014e-08 
381 97.8139 0.121861  5.57796e-08 
382 97.8076 0.123797  5.34782e-08 
383 97.8026 0.125413  5.10109e-08 
384 97.7989 0.126661  4.83989e-08 
385 97.7964 0.127502  4.56692e-08 
386 97.7953 0.127915  4.28529e-08 
387 97.7954 0.127888  3.99839e-08 
388 97.7968 0.127421  3.70971e-08 
389 97.7995 0.126526  3.42269e-08 
390 97.8035 0.125228  3.14064e-08 
391 97.8088 0.123564  2.86659e-08 
392 97.8153 0.121585  2.60323e-08 
393 97.8231 0.119359  2.35284e-08 
394 97.8321 0.116966  2.11725e-08 
395 97.8422 0.114502  1.89783e-08 
396 97.8533 0.112069  1.69546e-08 
397 97.8653 0.109772  1.51055e-08 
398 97.8779 0.107711  1.3431e-08 
399 97.8908 0.105969  1.19273e-08 
400 97.904 0.104606  1.05873e-08 
401 97.917 0.10365  9.40129e-09 
402 97.9297 0.1031  8.35809e-09 
403 97.9418 0.102923  7.44522e-09 
404 97.9531 0.103065  6.64985e-09 
405 97.9634 0.103454  5.95925e-09 
406 97.9726 0.104012  5.3612e-09 
407 97.9807 0.104659  4.84434e-09 
408 97.9875 0.105322  4.39827e-09 
409 97.993 0.10594  4.01369e-09 
410 97.9972 0.106459  3.68237e-09 
411 98.0001 0.106842  3.39712e-09 
412 98.0018 0.107061  3.15171e-09 
413 98.0021 0.107102  2.94078e-09 
414 98.0011 0.106962  2.7597e-09 
415 97.9988 0.10665  2.60451e-09 
416 97.9952 0.106187  2.4718e-09 
417 97.9903 0.105606  2.35861e-09 
418 97.9842 0.104954  2.26234e-09 
419 97.9767 0.104287  2.18068e-09 
420 97.9681 0.103676  2.11155e-09 
421 97.9583 0.103195  2.053e-09 
422 97.9475 0.102925  2.00322e-09 
423 97.9358 0.102942  1.96042e-09 
424 97.9234 0.10331  1.92288e-09 
425 97.9105 0.104071  1.88892e-09 
426 97.8974 0.105244  1.85688e-09 
427 97.8844 0.106812  1.82521e-09 
428 97.8716 0.10873  1.79243e-09 
429 97.8594 0.110925  1.75726e-09 
430 97.8479 0.113304  1.71859e-09 
431 97.8374 0.115762  1.67557e-09 
432 97.8279 0.118195  1.62762e-09 
433 97.8196 0.120505  1.57444e-09 
434 97.8125 0.122601  1.51598e-09 
435 97.8067 0.124412  1.4525e-09 
436 97.8021 0.125878  1.38443e-09 
437 97.7989 0.126955  1.31243e-09 
438 97.7969 0.127613  1.23729e-09 
439 97.7963 0.127835  1.15991e-09 
440 97.7969 0.127614  1.08124e-09 
441 97.7989 0.126957  1.00225e-09 
442 97.8021 0.12588  9.23904e-10 
443 97.8067 0.124414  8.47089e-10 
444 97.8125 0.122604  7.72629e-10 
445 97.8196 0.120506  7.01245e-10 
446 97.828 0.118197  6.33538e-10 
447 97.8375 0.115762  5.69986e-10 
448 97.848 0.113302  5.1093e-10 
449 97.8595 0.110922  4.56585e-10 
450 97.8717 0.108725  4.07036e-10 
451 97.8845 0.106804  3.62254e-10 
452 97.8976 0.105233  3.22108e-10 
453 97.9107 0.104058  2.86386e-10 
454 97.9236 0.103293  2.54809e-10 
455 97.936 0.102924  2.27058e-10 
456 97.9477 0.102905  2.02788e-10 
457 97.9585 0.103173  1.81647e-10 
458 97.9683 0.103652  1.63289e-10 
459 97.977 0.104262  1.47387e-10 
460 97.9845 0.104927  1.33637e-10 
461 97.9907 0.105579  1.21763e-10 
462 97.9956 0.106159  1.11519e-10 
463 97.9992 0.106621  1.02689e-10 
464 98.0015 0.106932  9.50825e-11 
465 98.0025 0.107071  8.85365e-11 
466 98.0022 0.107029  8.29097e-11 
467 98.0006 0.106808  7.80806e-11 
468 97.9977 0.106424  7.39447e-11 
469 97.9935 0.105902  7.04113e-11 
470 97.988 0.105283  6.74016e-11 
471 97.9812 0.104616  6.48457e-11 
472 97.9732 0.103966  6.2681e-11 
473 97.964 0.103406  6.08498e-11 
474 97.9537 0.103013  5.92984e-11 
475 97.9425 0.102868  5.79748e-11 
476 97.9304 0.103041  5.68288e-11 
477 97.9178 0.103587  5.58109e-11 
478 97.9047 0.10454  5.48728e-11 
479 97.8916 0.1059  5.39676e-11 
480 97.8787 0.107639  5.30511e-11 
481 97.8661 0.109697  5.20828e-11 
482 97.8542 0.11199  5.10274e-11 
483 97.8432 0.11442  4.98561e-11 
484 97.8331 0.116881  4.85474e-11 
485 97.8241 0.119269  4.70881e-11 
486 97.8163 0.12149  4.54728e-11 
487 97.8098 0.123463  4.37043e-11 
488 97.8046 0.125121  4.17923e-11 
489 97.8006 0.126411  3.97528e-11 
490 97.798 0.127297  3.76068e-11 
491 97.7966 0.127754  3.53791e-11 
492 97.7966 0.12777  3.30966e-11 
493 97.7979 0.127345  3.07878e-11 
494 97.8004 0.12649  2.8481e-11 
495 97.8043 0.125228  2.62034e-11 
496 97.8094 0.123596  2.39806e-11 
497 97.8158 0.121643  2.18353e-11 
498 97.8235 0.119437  1.97874e-11 
499 97.8324 0.117058  1.7853e-11 
500 97.8424 0.114599  1.60444e-11 
501 97.8534 0.112163  1.43702e-11 
502 97.8653 0.109856  1.2835e-11 
503 97.8778 0.107777  1.144e-11 
504 97.8907 0.106012  1.01832e-11 
505 97.9038 0.104622  9.05954e-12 
506 97.9168 0.103639  8.06215e-12 
507 97.9295 0.103062  7.18231e-12 
508 97.9416 0.102863  6.41033e-12 
509 97.953 0.102988  5.73602e-12 
510 97.9633 0.103364  5.14914e-12 
511 97.9726 0.103915  4.6398e-12 
512 97.9807 0.104561  4.1987e-12 
513 97.9876 0.105228  3.8173e-12 
514 97.9932 0.105853  3.48788e-12 
515 97.9975 0.106383  3.20362e-12 
516 98.0005 0.106778  2.95851e-12 
517 98.0022 0.107011  2.74733e-12 
518 98.0026 0.107066  2.56557e-12 
519 98.0017 0.106939  2.40934e-12 
520 97.9994 0.10664  2.27529e-12 
521 97.9959 0.106188  2.16052e-12 
522 97.9911 0.105615  2.06252e-12 
523 97.985 0.104966  1.97909e-12 
524 97.9777 0.104299  1.90825e-12 
525 97.9691 0.103681  1.84823e-12 
526 97.9594 0.103189  1.79737e-12 
527 97.9486 0.102903  1.75409e-12 
528 97.937 0.102898  1.71688e-12 
529 97.9246 0.10324  1.68426e-12 
530 97.9117 0.103974  1.65477e-12 
531 97.8986 0.105119  1.62699e-12 
532 97.8856 0.106662  1.59956e-12 
533 97.8728 0.10856  1.57122e-12 
534 97.8605 0.110739  1.54084e-12 
535 97.849 0.11311  1.50746e-12 
536 97.8383 0.115567  1.47032e-12 
537 97.8288 0.118006  1.4289e-12 
538 97.8203 0.120328  1.38294e-12 
539 97.8132 0.122443  1.33237e-12 
540 97.8072 0.124276  1.2774e-12 
541 97.8026 0.125767  1.2184e-12 
542 97.7993 0.126872  1.15592e-12 
543 97.7972 0.12756  1.09063e-12 
544 97.7965 0.127812  1.02332e-12 
545 97.797 0.127621  9.54806e-13 
546 97.7989 0.126992  8.85925e-13 
547 97.8021 0.125943  8.17508e-13 
548 97.8065 0.124503  7.50339e-13 
549 97.8123 0.122713  6.85138e-13 
550 97.8193 0.120633  6.22539e-13 
551 97.8275 0.118335  5.63077e-13 
552 97.8369 0.115906  5.07178e-13 
553 97.8474 0.113445  4.55153e-13 
554 97.8588 0.111056  4.07202e-13 
555 97.871 0.108844  3.63413e-13 
556 97.8838 0.106903  3.23774e-13 
557 97.8968 0.105308  2.88183e-13 
558 97.9099 0.104106  2.56463e-13 
559 97.9228 0.103316  2.28383e-13 
560 97.9352 0.102921  2.03669e-13 
561 97.947 0.102882  1.82023e-13 
562 97.9578 0.103134  1.63143e-13 
563 97.9677 0.103602  1.46728e-13 
564 97.9764 0.104207  1.32491e-13 
565 97.984 0.104871  1.20166e-13 
566 97.9902 0.105526  1.0951e-13 
567 97.9952 0.106113  1.00306e-13 
568 97.9989 0.106584  9.23632e-14 
569 98.0012 0.106906  8.5513e-14 
570 98.0023 0.107056  7.96103e-14 
571 98.0021 0.107026  7.45295e-14 
572 98.0006 0.106817  7.01623e-14 
573 97.9978 0.106443  6.64153e-14 
574 97.9936 0.105929  6.32079e-14 
575 97.9882 0.105314  6.04693e-14 
576 97.9815 0.104649  5.81372e-14 
577 97.9736 0.103996  5.61556e-14 
578 97.9645 0.103428  5.4473e-14 
579 97.9543 0.103022  5.30415e-14 
580 97.9431 0.102859  5.18148e-14 
581 97.9311 0.103009  5.07485e-14 
582 97.9185 0.103531  4.97985e-14 
583 97.9055 0.104458  4.89223e-14 
584 97.8924 0.105793  4.80783e-14 
585 97.8794 0.107509  4.72277e-14 
586 97.8668 0.109549  4.63347e-14 
587 97.8549 0.111831  4.53682e-14 
588 97.8438 0.114255  4.43029e-14 
589 97.8336 0.116717  4.31199e-14 
590 97.8246 0.119113  4.18073e-14 
591 97.8167 0.121348  4.03604e-14 
592 97.8101 0.123339  3.87813e-14 
593 97.8048 0.125019  3.70786e-14 
594 97.8008 0.126334  3.5266e-14 
595 97.798 0.127246  3.33618e-14 
596 97.7966 0.127731  3.13874e-14 
597 97.7965 0.127776  2.93662e-14 
598 97.7976 0.127378  2.7323e-14 
599 97.8001 0.12655  2.52824e-14 
600 97.8039 0.125313  2.3268e-14 
601 97.8089 0.123702  2.13021e-14 
602 97.8153 0.121769  1.94047e-14 
603 97.8228 0.119576  1.75928e-14 
604 97.8316 0.117205  1.58806e-14 
605 97.8416 0.114748  1.4279e-14 
606 97.8525 0.112308  1.27955e-14 
607 97.8643 0.10999  1.14343e-14 
608 97.8767 0.107894  1.01964e-14 
609 97.8896 0.106107  9.08018e-15 
610 97.9027 0.104692  8.08144e-15 
611 97.9157 0.103683  7.19412e-15 
612 97.9283 0.103082  6.41068e-15 
613 97.9404 0.102861  5.72268e-15 
614 97.9518 0.102967  5.1212e-15 
615 97.9621 0.10333  4.59727e-15 
616 97.9714 0.103873  4.14217e-15 
617 97.9796 0.104515  3.74771e-15 
618 97.9865 0.105183  3.40634e-15 
619 97.9921 0.105812  3.11124e-15 
620 97.9964 0.106349  2.85635e-15 
621 97.9994 0.106754  2.63634e-15 
622 98.0012 0.106998  2.44657e-15 
623 98.0016 0.107064  2.28303e-15 
624 98.0008 0.106949  2.14224e-15 
625 97.9987 0.10666  2.02122e-15 
626 97.9952 0.106217  1.91738e-15 
627 97.9905 0.10565  1.82848e-15 
628 97.9845 0.105004  1.75255e-15 
629 97.9772 0.104337  1.68783e-15 
630 97.9688 0.103714  1.63274e-15 
631 97.9592 0.103212  1.58581e-15 
632 97.9485 0.10291  1.54564e-15 
633 97.9369 0.102886  1.5109e-15 
634 97.9246 0.103205  1.48028e-15 
635 97.9119 0.103914  1.45252e-15 
636 97.8988 0.105033  1.42636e-15 
637 97.8858 0.106553  1.40065e-15 
638 97.873 0.10843  1.37427e-15 
639 97.8607 0.110595  1.34624e-15 
640 97.8491 0.112956  1.31575e-15 
641 97.8385 0.115411  1.28215e-15 
642 97.8288 0.117855  1.24498e-15 
643 97.8204 0.120186  1.20401e-15 
644 97.8131 0.122316  1.1592e-15 
645 97.8071 0.124169  1.11071e-15 
646 97.8024 0.125683  1.05887e-15 
647 97.799 0.126813  1.00414e-15 
648 97.7969 0.127528  9.47099e-16 
649 97.796 0.127807  8.88411e-16 
650 97.7965 0.127643  8.28771e-16 
651 97.7983 0.127042  7.68895e-16 
652 97.8013 0.126018  7.09484e-16 
653 97.8057 0.124601  6.51204e-16 
654 97.8113 0.122831  5.94665e-16 
655 97.8182 0.120767  5.40402e-16 
656 97.8263 0.11848  4.88869e-16 
657 97.8356 0.116057  4.40425e-16 
658 97.846 0.113595  3.95334e-16 
659 97.8572 0.111198  3.53764e-16 
660 97.8693 0.108973  3.1579e-16 
661 97.8819 0.107012  2.81399e-16 
662 97.8948 0.105394  2.50505e-16 
663 97.9078 0.104167  2.22956e-16 
664 97.9205 0.103351  1.98554e-16 
665 97.9329 0.102934  1.77063e-16 
666 97.9445 0.102874  1.58229e-16 
667 97.9553 0.10311  1.4179e-16 
668 97.965 0.103567  1.27488e-16 
669 97.9736 0.104166  1.15075e-16 
670 97.9811 0.104829  1.04322e-16 
671 97.9872 0.105486  9.50185e-17 
672 97.9921 0.106078  8.69765e-17 
673 97.9957 0.106558  8.00298e-17 
674 97.9981 0.10689  7.40328e-17 
675 97.9991 0.107052  6.88591e-17 
676 97.9989 0.107033  6.43996e-17 
677 97.9974 0.106834  6.05599e-17 
678 97.9947 0.10647  5.72587e-17 
679 97.9907 0.105964  5.44257e-17 
680 97.9854 0.105354  5.19993e-17 
681 97.9788 0.10469  4.99253e-17 
682 97.9711 0.104034  4.8155e-17 
683 97.9621 0.103458  4.66438e-17 
684 97.9521 0.10304  4.53502e-17 
685 97.9411 0.10286  4.42347e-17 
686 97.9293 0.102989  4.32589e-17 
687 97.9168 0.103487  4.23856e-17 
688 97.904 0.104388  4.15786e-17 
689 97.891 0.105698  4.08029e-17 
690 97.8782 0.107393  4.00257e-17 
691 97.8657 0.109415  3.92172e-17 
692 97.8538 0.111684  3.83514e-17 
693 97.8427 0.114103  3.74071e-17 
694 97.8326 0.116566  3.63686e-17 
695 97.8235 0.118969  3.52262e-17 
696 97.8156 0.121216  3.3976e-17 
697 97.809 0.123225  3.26198e-17 
698 97.8036 0.124925  3.11646e-17 
699 97.7995 0.126264  2.96219e-17 
700 97.7967 0.127202  2.80067e-17 
701 97.7952 0.127714  2.63366e-17 
702 97.7949 0.127785  2.4631e-17 
703 97.796 0.127415  2.29101e-17 
704 97.7983 0.126613  2.1194e-17 
705 97.8019 0.1254  1.95021e-17 
706 97.8068 0.123811  1.78527e-17 
707 97.8129 0.121896  1.62618e-17 
708 97.8203 0.119717  1.47435e-17 
709 97.8288 0.117354  1.33093e-17 
710 97.8385 0.1149  1.1968e-17 
711 97.8491 0.112455  1.07256e-17 
712 97.8606 0.110127  9.58547e-18 
713 97.8727 0.108015  8.54845e-18 
714 97.8852 0.106207  7.61305e-18 
715 97.8978 0.104768  6.77579e-18 
716 97.9104 0.103734  6.0316e-18 
717 97.9226 0.103108  5.37422e-18 
718 97.9343 0.102865  4.79662e-18 
719 97.9451 0.102953  4.29139e-18 
720 97.955 0.103303  3.85105e-18 
721 97.9638 0.103837  3.46834e-18 
722 97.9714 0.104475  3.13643e-18 
723 97.9778 0.105144  2.849e-18 
724 97.983 0.105778  2.60035e-18 
725 97.9869 0.106322  2.38542e-18 
726 97.9896 0.106736  2.19974e-18 
727 97.9911 0.106991  2.03941e-18 
728 97.9914 0.107068  1.90106e-18 
729 97.9904 0.106964  1.78178e-18 
730 97.9883 0.106685  1.67906e-18 
731 97.985 0.10625  1.59072e-18 
732 97.9804 0.10569  1.51488e-18 
733 97.9747 0.105048  1.44988e-18 
734 97.9678 0.104379  1.39425e-18 
735 97.9597 0.103751  1.34667e-18 
736 97.9506 0.10324  1.30589e-18 
737 97.9404 0.102924  1.27078e-18 
738 97.9293 0.10288  1.24021e-18 
739 97.9176 0.103177  1.21313e-18 
740 97.9052 0.103862  1.18849e-18 
741 97.8926 0.104957  1.16528e-18 
742 97.88 0.106454  1.14254e-18 
743 97.8676 0.108311  1.1194e-18 
744 97.8556 0.110461  1.09505e-18 
745 97.8443 0.112814  1.06885e-18 
746 97.8338 0.115267  1.04027e-18 
747 97.8244 0.117714  1.00896e-18 
748 97.816 0.120055  9.74719e-19 
749 97.8088 0.1222  9.37533e-19 
750 97.8028 0.124071  8.97525e-19 
751 97.7981 0.125607  8.54956e-19 
752 97.7946 0.126761  8.10198e-19 
753 97.7924 0.127501  7.63709e-19 
754 97.7915 0.127806  7.16008e-19 
755 97.7917 0.127669  6.67647e-19 
756 97.7933 0.127094  6.19188e-19 
757 97.796 0.126095  5.71182e-19 
758 97.8 0.1247  5.24151e-19 
759 97.8053 0.12295  4.78572e-19 
760 97.8117 0.120902  4.34863e-19 
761 97.8193 0.118626  3.93377e-19 
762 97.8279 0.116208  3.54394e-19 
763 97.8376 0.113745  3.18117e-19 
764 97.8481 0.111342  2.84676e-19 
765 97.8592 0.109104  2.54125e-19 
766 97.8708 0.107126  2.26453e-19 
767 97.8826 0.105486  2.01588e-19 
768 97.8943 0.104236  1.79408e-19 
769 97.9058 0.103396  1.59754e-19 
770 97.9166 0.102957  1.42437e-19 
771 97.9268 0.102879  1.27254e-19 
772 97.9359 0.103102  1.13995e-19 
773 97.9441 0.10355  1.02454e-19 
774 97.9511 0.104145  9.24323e-20 
775 97.957 0.104809  8.37456e-20 
776 97.9617 0.10547  7.62253e-20 
777 97.9652 0.10607  6.97204e-20 
778 97.9676 0.106559  6.40971e-20 
779 97.969 0.106901  5.92382e-20 
780 97.9693 0.107074  5.5042e-20 
781 97.9686 0.107066  5.14203e-20 
782 97.967 0.106878  4.82971e-20 
783 97.9643 0.106521  4.56068e-20 
784 97.9606 0.106021  4.32925e-20 
785 97.956 0.105414  4.13047e-20 
786 97.9503 0.10475  3.95994e-20 
787 97.9436 0.104091  3.81376e-20 
788 97.9359 0.103508  3.68834e-20 
789 97.9272 0.103079  3.58036e-20 
790 97.9176 0.102884  3.48667e-20 
791 97.9072 0.102997  3.40424e-20 
792 97.8961 0.103476  3.33013e-20 
793 97.8847 0.104358  3.2615e-20 
794 97.873 0.105651  3.19562e-20 
795 97.8613 0.107329  3.12995e-20 
796 97.8498 0.109339  3.06218e-20 
797 97.8389 0.111601  2.99032e-20 
798 97.8286 0.114016  2.91273e-20 
799 97.8192 0.116481  2.82824e-20 
800 97.8107 0.11889  2.7361e-20 
801 97.8032 0.121147  2.63603e-20 
802 97.7969 0.123169  2.52817e-20 
803 97.7918 0.124885  2.41309e-20 
804 97.7878 0.126242  2.29164e-20 
805 97.7849 0.127199  2.16499e-20 
806 97.7833 0.127731  2.03448e-20 
807 97.7828 0.127822  1.90156e-20 
808 97.7835 0.127471  1.76777e-20 
809 97.7854 0.126688  1.63462e-20 
810 97.7884 0.125492  1.50357e-20 
811 97.7925 0.123919  1.37599e-20 
812 97.7978 0.122017  1.25308e-20 
813 97.8041 0.119848  1.13588e-20 
814 97.8113 0.117491  1.02526e-20 
815 97.8195 0.115039  9.21848e-21 
816 97.8284 0.112592  8.261e-21 
817 97.8379 0.110258  7.38253e-21 
818 97.8478 0.108136  6.58356e-21 
819 97.8579 0.106316  5.86286e-21 
820 97.8678 0.104864  5.2177e-21 
821 97.8773 0.103818  4.64414e-21 
822 97.8863 0.103182  4.13736e-21 
823 97.8945 0.102932  3.69195e-21 
824 97.9017 0.103017  3.30222e-21 
825 97.9079 0.103369  2.96243e-21 
826 97.9131 0.103909  2.667e-21 
827 97.9171 0.104557  2.41068e-21 
828 97.9202 0.105238  2.18862e-21 
829 97.9223 0.105885  1.99645e-21 
830 97.9236 0.106443  1.83024e-21 
831 97.9242 0.106869  1.68657e-21 
832 97.9241 0.107133  1.56243e-21 
833 97.9234 0.107216  1.45522e-21 
834 97.9221 0.107115  1.36269e-21 
835 97.9203 0.106835  1.28291e-21 
836 97.918 0.106395  1.21418e-21 
837 97.915 0.105827  1.15505e-21 
838 97.9114 0.105176  1.10425e-21 
839 97.907 0.104498  1.06062e-21 
840 97.9018 0.103862  1.02314e-21 
841 97.8958 0.103344  9.90866e-22 
842 97.8889 0.103026  9.62907e-22 
843 97.8812 0.102985  9.38415e-22 
844 97.8728 0.103288  9.16574e-22 
845 97.8637 0.103983  8.96594e-22 
846 97.8541 0.105092  8.77716e-22 
847 97.8443 0.106603  8.59227e-22 
848 97.8345 0.108475  8.40469e-22 
849 97.8249 0.110638  8.20863e-22 
850 97.8157 0.113001  7.99929e-22 
851 97.807 0.11546  7.77295e-22 
852 97.7992 0.117909  7.52712e-22 
853 97.7921 0.120248  7.26053e-22 
854 97.786 0.122386  6.97314e-22 
855 97.781 0.124248  6.66599e-22 
856 97.7769 0.125771  6.34111e-22 
857 97.7739 0.126911  6.0013e-22 
858 97.772 0.127634  5.64998e-22 
859 97.7711 0.127921  5.29096e-22 
860 97.7713 0.127766  4.92827e-22 
861 97.7726 0.127171  4.56602e-22 
862 97.7749 0.126153  4.20817e-22 
863 97.7782 0.12474  3.85846e-22 
864 97.7826 0.122974  3.5203e-22 
865 97.7879 0.120912  3.19665e-22 
866 97.7941 0.118626  2.88999e-22 
867 97.8011 0.116201  2.60226e-22 
868 97.8088 0.113736  2.33487e-22 
869 97.817 0.111337  2.08866e-22 
870 97.8255 0.109108  1.86394e-22 
871 97.8342 0.107146  1.66057e-22 
872 97.8427 0.105528  1.47795e-22 
873 97.8509 0.104304  1.31514e-22 
874 97.8586 0.103495  1.17093e-22 
875 97.8654 0.103089  1.0439e-22 
876 97.8715 0.103045  9.3256e-23 
877 97.8766 0.103301  8.35341e-23 
878 97.8807 0.10378  7.50721e-23 
879 97.884 0.104403  6.77241e-23 
880 97.8864 0.105089  6.13545e-23 
881 97.8882 0.105766  5.58396e-23 
882 97.8894 0.106374  5.10684e-23 
883 97.8902 0.106862  4.6943e-23 
884 97.8907 0.107196  4.33774e-23 
885 97.8909 0.107351  4.02967e-23 
886 97.8909 0.107317  3.76365e-23 
887 97.8907 0.107097  3.53407e-23 
888 97.8902 0.106705  3.33611e-23 
889 97.8894 0.106169  3.16559e-23 
890 97.8881 0.10553  3.01883e-23 
891 97.8862 0.104842  2.89259e-23 
892 97.8836 0.104169  2.78399e-23 
893 97.8801 0.103588  2.69037e-23 
894 97.8756 0.103178  2.60926e-23 
895 97.8702 0.103019  2.53833e-23 
896 97.8639 0.103184  2.47537e-23 
897 97.8568 0.103729  2.41821e-23 
898 97.8489 0.104683  2.36479e-23 
899 97.8406 0.106049  2.31317e-23 
900 97.8319 0.107795  2.26153e-23 
901 97.8233 0.109861  2.20826e-23 
902 97.8148 0.112161  2.15201e-23 
903 97.8068 0.114594  2.09168e-23 
904 97.7993 0.117056  2.02651e-23 
905 97.7925 0.119443  1.95607e-23 
906 97.7867 0.12166  1.88023e-23 
907 97.7817 0.123625  1.7992e-23 
908 97.7777 0.125272  1.71343e-23 
909 97.7747 0.12655  1.62359e-23 
910 97.7728 0.127422  1.53054e-23 
911 97.772 0.127864  1.43525e-23 
912 97.7721 0.127863  1.33877e-23 
913 97.7734 0.127421  1.24216e-23 
914 97.7758 0.126549  1.14648e-23 
915 97.7792 0.125271  1.05274e-23 
916 97.7836 0.123623  9.61844e-24 
917 97.7892 0.121656  8.74611e-24 
918 97.7957 0.119438  7.91728e-24 
919 97.8031 0.11705  7.13744e-24 
920 97.8114 0.114585  6.41065e-24 
921 97.8204 0.112148  5.73956e-24 
922 97.8299 0.109844  5.12539e-24 
923 97.8398 0.107774  4.56807e-24 
924 97.8498 0.106022  4.06635e-24 
925 97.8597 0.104648  3.618e-24 
926 97.8694 0.103685  3.22001e-24 
927 97.8785 0.10313  2.86879e-24 
928 97.8869 0.102953  2.5604e-24 
929 97.8946 0.103098  2.29074e-24 
930 97.9014 0.103494  2.05575e-24 
931 97.9074 0.104061  1.85148e-24 
932 97.9125 0.104719  1.67426e-24 
933 97.9168 0.105393  1.5207e-24 
934 97.9204 0.106021  1.38775e-24 
935 97.9233 0.106547  1.27271e-24 
936 97.9256 0.106934  1.17319e-24 
937 97.9273 0.107154  1.08713e-24 
938 97.9284 0.107191  1.01273e-24 
939 97.9289 0.107044  9.48427e-25 
940 97.9288 0.106722  8.92889e-25 
941 97.9279 0.106248  8.44954e-25 
942 97.9262 0.105655  8.0361e-25 
943 97.9236 0.104991  7.67968e-25 
944 97.9201 0.104314  7.37239e-25 
945 97.9154 0.103696  7.10706e-25 
946 97.9097 0.103212  6.8771e-25 
947 97.9029 0.102944  6.67632e-25 
948 97.8951 0.102968  6.49884e-25 
949 97.8864 0.103346  6.33902e-25 
950 97.877 0.104121  6.19141e-25 
951 97.8671 0.105309  6.05087e-25 
952 97.8569 0.106892  5.91257e-25 
953 97.8467 0.108824  5.77215e-25 
954 97.8368 0.11103  5.62582e-25 
955 97.8273 0.113414  5.47051e-25 
956 97.8185 0.115875  5.3039e-25 
957 97.8105 0.118305  5.12453e-25 
958 97.8035 0.120607  4.93178e-25 
959 97.7975 0.122693  4.7258e-25 
960 97.7925 0.12449  4.50749e-25 
961 97.7887 0.125939  4.27836e-25 
962 97.7861 0.126997  4.0404e-25 
963 97.7846 0.127634  3.79598e-25 
964 97.7843 0.127835  3.54768e-25 
965 97.7852 0.127592  3.29821e-25 
966 97.7872 0.126914  3.05027e-25 
967 97.7905 0.125817  2.80645e-25 
968 97.7949 0.124332  2.56918e-25 
969 97.8005 0.122505  2.34062e-25 
970 97.8073 0.120395  2.12264e-25 
971 97.8152 0.118076  1.91678e-25 
972 97.8241 0.115636  1.72419e-25 
973 97.834 0.113177  1.5457e-25 
974 97.8447 0.110803  1.38175e-25 
975 97.856 0.108617  1.23245e-25 
976 97.8677 0.106712  1.09758e-25 
977 97.8796 0.10516  9.7668e-26 
978 97.8914 0.104006  8.69041e-26 
979 97.903 0.103264  7.73801e-26 
980 97.914 0.102915  6.89981e-26 
981 97.9244 0.102914  6.16544e-26 
982 97.9339 0.103197  5.5244e-26 
983 97.9425 0.103687  4.96642e-26 
984 97.9501 0.104304  4.48176e-26 
985 97.9566 0.104972  4.06141e-26 
986 97.9621 0.105622  3.6972e-26 
987 97.9666 0.106197  3.38181e-26 
988 97.97 0.106652  3.10878e-26 
989 97.9723 0.106954  2.87247e-26 
990 97.9737 0.107082  2.66797e-26 
991 97.974 0.107029  2.49104e-26 
992 97.9733 0.106797  2.33802e-26 
993 97.9714 0.106402  2.20574e-26 
994 97.9685 0.105871  2.09144e-26 
995 97.9644 0.105245  1.99273e-26 
996 97.9591 0.104576  1.90748e-26 
997 97.9526 0.103928  1.83379e-26 
998 97.945 0.103374  1.76991e-26 
999 97.9362 0.102994  1.71422e-26 
